tensor([[-0.5000],
        [ 0.8000]])
tensor([[-0.1000],
        [ 0.2000]])
tensor([[ 0.2400],
        [-0.1800]])
tensor([[ 0.5400],
        [-0.6000]])
tensor([[-0.7600],
        [ 0.2600]])
tensor([[-0.5000],
        [-0.3400]])
tensor([[0.4400],
        [0.2400]])
tensor([[0.7200],
        [0.5000]])
tensor([[ 0.0600],
        [-0.5400]])
tensor([[0.1600],
        [0.5800]])
tensor([[ 8.9407e-10],
        [-8.4000e-01]])
tensor([[ 0.0800],
        [-0.7400]])
tensor([[ 0.1800],
        [-0.6800]])
tensor([[-0.4800],
        [-0.1400]])
tensor([[-0.1600],
        [ 0.7000]])
tensor([[-0.8200],
        [ 0.7600]])
tensor([[-0.7000],
        [-0.6800]])
tensor([[0.1000],
        [0.6600]])
tensor([[0.8200],
        [0.5000]])
tensor([[ 0.3400],
        [-0.9000]])
tensor([[-0.5600],
        [-0.8400]])
tensor([[ 0.7400],
        [-0.6200]])
tensor([[0.4200],
        [0.8400]])
tensor([[-0.1000],
        [ 0.9600]])
tensor([[-0.8200],
        [ 0.4000]])
tensor([[5.0000e-01],
        [8.9407e-10]])
tensor([[0.2600],
        [0.1800]])
tensor([[-0.5200],
        [-0.6400]])
tensor([[-0.0800],
        [-0.7200]])
tensor([[-0.2600],
        [-0.9600]])
tensor([[ 0.5000],
        [-0.7400]])
tensor([[-0.6200],
        [ 0.1400]])
tensor([[ 0.0400],
        [-0.0800]])
tensor([[-0.7600],
        [-0.2600]])
tensor([[-0.3800],
        [-0.7800]])
tensor([[-0.6200],
        [ 0.5800]])
tensor([[ 0.6000],
        [-0.5400]])
tensor([[ 0.2000],
        [-0.7600]])
tensor([[-0.4000],
        [-1.0000]])
tensor([[0.5600],
        [0.4800]])
tensor([[ 0.5600],
        [-0.3400]])
tensor([[0.6200],
        [0.2800]])
tensor([[ 0.1600],
        [-0.4800]])
tensor([[-0.7400],
        [ 0.7400]])
tensor([[0.6200],
        [0.2000]])
tensor([[-0.5400],
        [ 0.1200]])
tensor([[0.9800],
        [0.6000]])
tensor([[-0.2400],
        [ 0.7400]])
tensor([[-0.2400],
        [ 0.4800]])
tensor([[-0.6400],
        [ 0.9800]])
tensor([[0.9200],
        [0.4600]])
tensor([[-0.7000],
        [-0.6400]])
tensor([[ 0.7200],
        [-0.8000]])
tensor([[-0.2000],
        [ 0.4400]])
tensor([[-0.6200],
        [ 0.5800]])
tensor([[-0.2800],
        [-0.2400]])
tensor([[5.6000e-01],
        [8.9407e-10]])
tensor([[-0.4200],
        [ 0.2400]])
tensor([[-0.6000],
        [ 0.3000]])
tensor([[0.6400],
        [0.6800]])
tensor([[ 0.4200],
        [-0.4000]])
tensor([[-0.8600],
        [ 0.8600]])
tensor([[ 0.7400],
        [-0.6200]])
tensor([[-0.6200],
        [-0.3800]])
tensor([[-0.1000],
        [-0.2200]])
tensor([[-0.5800],
        [-0.6200]])
tensor([[-0.0400],
        [-0.7800]])
tensor([[-0.9600],
        [ 0.5000]])
tensor([[ 0.6200],
        [-0.1000]])
tensor([[0.1000],
        [0.1000]])
tensor([[0.2800],
        [0.0400]])
tensor([[0.6400],
        [0.0400]])
tensor([[-0.4800],
        [ 0.5200]])
tensor([[ 0.0600],
        [-0.8200]])
tensor([[-0.9800],
        [ 0.1200]])
tensor([[-0.5200],
        [-0.2200]])
tensor([[-0.5200],
        [-0.2600]])
tensor([[-0.7200],
        [ 0.8200]])
tensor([[-0.2600],
        [-0.2200]])
tensor([[-0.7400],
        [-0.2800]])
tensor([[-0.9000],
        [-0.9000]])
tensor([[0.7400],
        [0.5000]])
tensor([[-0.6800],
        [-0.1800]])
tensor([[0.3800],
        [0.6400]])
tensor([[0.8000],
        [0.3800]])
tensor([[ 0.8200],
        [-0.9600]])
tensor([[3.8000e-01],
        [8.9407e-10]])
tensor([[ 0.9400],
        [-0.8800]])
tensor([[0.3800],
        [0.2200]])
tensor([[0.1600],
        [0.4600]])
tensor([[-0.1200],
        [-0.8400]])
tensor([[ 0.9800],
        [-0.6200]])
tensor([[-0.9200],
        [ 0.6400]])
tensor([[-0.9400],
        [-0.1200]])
tensor([[-0.1600],
        [ 0.0600]])
tensor([[ 0.7400],
        [-0.5800]])
tensor([[-0.2400],
        [-0.1000]])
tensor([[ 0.5800],
        [-0.2000]])
tensor([[0.4000],
        [0.1800]])
tensor([[0.7800],
        [0.1600]])
tensor([[-0.6800],
        [-0.5200]])
tensor([[ 0.1600],
        [-1.0000]])
tensor([[-0.5000],
        [-0.5800]])
tensor([[-0.4800],
        [ 0.3800]])
tensor([[ 0.8000],
        [-0.4800]])
tensor([[8.9407e-10],
        [2.8000e-01]])
tensor([[0.1800],
        [0.7400]])
tensor([[-0.7200],
        [ 0.2000]])
tensor([[0.0800],
        [0.4000]])
tensor([[-0.3000],
        [-0.1600]])
tensor([[0.7800],
        [0.5000]])
tensor([[0.4200],
        [0.3600]])
tensor([[-0.1400],
        [ 0.8800]])
tensor([[ 0.7400],
        [-0.2200]])
tensor([[ 0.6200],
        [-0.8800]])
tensor([[ 0.5400],
        [-0.1600]])
tensor([[-0.2200],
        [ 0.1400]])
tensor([[0.0400],
        [0.0600]])
tensor([[-0.7000],
        [ 0.8000]])
tensor([[-0.3200],
        [-0.5200]])
tensor([[ 0.5200],
        [-0.6800]])
tensor([[-0.9200],
        [ 0.5000]])
tensor([[-0.0600],
        [-0.5000]])
tensor([[ 0.7000],
        [-0.2600]])
tensor([[-0.3400],
        [ 0.0600]])
tensor([[0.0200],
        [0.9200]])
tensor([[-0.2200],
        [-0.1400]])
tensor([[0.4800],
        [0.5400]])
tensor([[-0.6800],
        [ 0.5000]])
tensor([[-0.1800],
        [-0.3600]])
tensor([[-0.7600],
        [-0.3200]])
tensor([[-0.6400],
        [-0.3000]])
tensor([[0.1200],
        [0.5600]])
tensor([[-0.2400],
        [-0.5400]])
tensor([[ 0.6000],
        [-0.4400]])
tensor([[0.5400],
        [0.5400]])
tensor([[-0.7800],
        [-0.5400]])
tensor([[-0.9000],
        [ 0.0600]])
tensor([[0.4400],
        [0.4000]])
tensor([[0.1800],
        [0.6000]])
tensor([[-0.8200],
        [-0.7600]])
tensor([[ 0.6200],
        [-0.4600]])
tensor([[ 0.2800],
        [-0.0800]])
tensor([[0.7600],
        [0.7000]])
tensor([[ 0.1400],
        [-0.1000]])
tensor([[ 0.4800],
        [-0.7600]])
tensor([[6.8000e-01],
        [8.9407e-10]])
tensor([[0.7800],
        [0.3400]])
tensor([[-0.2200],
        [ 0.3200]])
tensor([[0.1800],
        [0.2600]])
tensor([[-0.9200],
        [ 0.5800]])
tensor([[ 0.2400],
        [-0.9600]])
tensor([[-0.5400],
        [ 0.5400]])
tensor([[-0.8400],
        [-0.4600]])
tensor([[-0.8800],
        [ 0.0200]])
tensor([[ 0.7800],
        [-0.0400]])
tensor([[-0.6600],
        [-0.5200]])
tensor([[ 0.9600],
        [-0.2200]])
tensor([[0.7600],
        [0.7000]])
tensor([[-0.9600],
        [ 0.8200]])
tensor([[-0.0400],
        [ 0.1400]])
tensor([[-0.0200],
        [ 0.7600]])
tensor([[8.9407e-10],
        [2.8000e-01]])
tensor([[-0.9400],
        [-1.0000]])
tensor([[0.9000],
        [0.3800]])
tensor([[-0.4000],
        [-0.5600]])
tensor([[-0.2200],
        [ 0.8400]])
tensor([[0.4600],
        [0.2000]])
tensor([[0.5600],
        [0.8800]])
tensor([[0.6600],
        [0.8600]])
tensor([[ 0.5400],
        [-0.2800]])
tensor([[ 0.3000],
        [-0.3000]])
tensor([[ 0.0400],
        [-0.9200]])
tensor([[-0.2200],
        [-0.5000]])
tensor([[ 0.8600],
        [-0.7000]])
tensor([[-0.8800],
        [ 0.6600]])
tensor([[ 0.4800],
        [-0.7400]])
tensor([[-0.6000],
        [ 0.9400]])
tensor([[-0.0800],
        [ 0.6200]])
tensor([[-0.6200],
        [-0.6600]])
tensor([[0.6600],
        [0.5200]])
tensor([[0.2800],
        [0.3800]])
tensor([[-0.3400],
        [-0.2800]])
tensor([[-0.4200],
        [-0.2000]])
tensor([[-0.7400],
        [ 0.0600]])
tensor([[-0.0200],
        [ 0.0200]])
tensor([[ 0.2600],
        [-0.4400]])
tensor([[0.7200],
        [0.5200]])
tensor([[-0.1800],
        [-0.4800]])
tensor([[-0.2000],
        [ 0.8400]])
tensor([[0.7200],
        [0.4400]])
tensor([[ 0.2000],
        [-0.4000]])
tensor([[-0.6400],
        [-0.5800]])
tensor([[-0.9600],
        [ 0.8600]])
tensor([[-0.5200],
        [ 0.3000]])
tensor([[-0.9400],
        [-0.4800]])
tensor([[-0.0200],
        [-0.0600]])
tensor([[ 0.7800],
        [-0.5200]])
tensor([[ 0.7600],
        [-0.7000]])
tensor([[0.8200],
        [0.5000]])
tensor([[-0.7400],
        [ 0.6600]])
tensor([[-0.6000],
        [-0.5800]])
tensor([[-0.6000],
        [-0.6000]])
tensor([[ 0.8600],
        [-0.2600]])
tensor([[-0.2600],
        [ 0.2000]])
tensor([[8.9407e-10],
        [4.4000e-01]])
tensor([[0.8400],
        [0.5400]])
tensor([[0.1400],
        [0.9200]])
tensor([[-0.2200],
        [ 0.2000]])
tensor([[-0.3000],
        [-0.3000]])
tensor([[ 0.7400],
        [-0.7200]])
tensor([[ 8.9407e-10],
        [-6.0000e-02]])
tensor([[-0.1400],
        [-0.6400]])
tensor([[-0.2800],
        [-0.3200]])
tensor([[0.5600],
        [0.8400]])
tensor([[-0.7400],
        [ 0.3600]])
tensor([[0.0400],
        [0.0400]])
tensor([[-6.4000e-01],
        [ 8.9407e-10]])
tensor([[-0.4800],
        [-0.8000]])
tensor([[0.4800],
        [0.0800]])
tensor([[0.3600],
        [0.8000]])
tensor([[0.8600],
        [0.6000]])
tensor([[-0.3000],
        [ 0.6000]])
tensor([[-0.9800],
        [-0.1400]])
tensor([[0.3000],
        [0.8800]])
tensor([[0.8800],
        [0.0400]])
tensor([[ 0.6800],
        [-0.5400]])
tensor([[-0.0800],
        [-0.3600]])
tensor([[8.9407e-10],
        [9.4000e-01]])
tensor([[-0.5800],
        [-0.4600]])
tensor([[-0.3200],
        [-0.0400]])
tensor([[ 0.7000],
        [-0.4000]])
tensor([[-0.0800],
        [-0.6400]])
tensor([[0.2800],
        [0.9200]])
tensor([[-0.4400],
        [-0.5600]])
tensor([[-0.8000],
        [-0.3400]])
tensor([[-0.2200],
        [ 0.2800]])
tensor([[-0.4000],
        [-0.1200]])
tensor([[0.6600],
        [0.1400]])
tensor([[-0.8800],
        [ 0.2000]])
tensor([[-0.1800],
        [-0.6400]])
tensor([[-0.0800],
        [ 0.5800]])
tensor([[ 0.1600],
        [-0.9000]])
tensor([[0.3000],
        [0.0800]])
tensor([[-0.4800],
        [ 0.0400]])
tensor([[-0.0800],
        [-0.5600]])
tensor([[ 0.3400],
        [-0.9600]])
tensor([[-0.0800],
        [-0.1600]])
tensor([[-0.0600],
        [ 0.1400]])
tensor([[ 0.1600],
        [-0.9800]])
tensor([[-0.4600],
        [ 0.3400]])
tensor([[-0.1800],
        [-0.4800]])
tensor([[ 0.3400],
        [-0.9800]])
tensor([[-0.1600],
        [-0.3800]])
tensor([[0.5600],
        [0.9800]])
tensor([[ 0.5400],
        [-0.9800]])
tensor([[-0.0400],
        [-0.4800]])
tensor([[-0.4000],
        [-0.4200]])
tensor([[-0.0200],
        [ 0.7600]])
tensor([[-0.1600],
        [ 0.7600]])
tensor([[0.4200],
        [0.8400]])
tensor([[-0.3800],
        [-0.4800]])
tensor([[0.9600],
        [0.0400]])
tensor([[ 0.6400],
        [-0.8000]])
tensor([[ 0.8400],
        [-0.7200]])
tensor([[-0.7800],
        [ 0.1800]])
tensor([[-0.2000],
        [-0.7200]])
tensor([[0.4000],
        [0.9400]])
tensor([[ 0.8200],
        [-0.5600]])
tensor([[-0.8800],
        [-0.9000]])
tensor([[-0.2600],
        [ 0.3000]])
tensor([[-0.7600],
        [ 0.4400]])
tensor([[ 0.3000],
        [-0.3400]])
tensor([[0.9000],
        [0.5800]])
tensor([[ 0.3200],
        [-0.9800]])
tensor([[-0.5400],
        [-0.8200]])
tensor([[-0.9400],
        [-1.0000]])
tensor([[-0.5200],
        [-0.0200]])
tensor([[ 0.8200],
        [-0.8200]])
tensor([[-0.7000],
        [ 0.3000]])
tensor([[0.3200],
        [0.5400]])
tensor([[-0.5200],
        [-0.8000]])
tensor([[-0.7800],
        [ 0.7600]])
tensor([[-0.9000],
        [ 0.4800]])
tensor([[0.7800],
        [0.5400]])
tensor([[-0.3000],
        [ 0.3200]])
tensor([[-0.8800],
        [-0.7000]])
tensor([[-0.9000],
        [-0.3800]])
tensor([[ 0.3400],
        [-0.3800]])
tensor([[ 0.3000],
        [-0.6800]])
tensor([[-0.1400],
        [-0.1000]])
tensor([[-0.4400],
        [-0.2600]])
tensor([[-1.0000],
        [-0.1000]])
tensor([[0.0200],
        [0.9000]])
tensor([[-0.3200],
        [-0.1000]])
tensor([[0.1400],
        [0.4800]])
tensor([[-0.8400],
        [ 0.2600]])
tensor([[ 0.2400],
        [-0.1200]])
tensor([[-0.7600],
        [ 0.5600]])
tensor([[0.8400],
        [0.1000]])
tensor([[0.9600],
        [0.5600]])
tensor([[0.1600],
        [0.6000]])
tensor([[-0.5000],
        [ 0.5800]])
tensor([[0.9800],
        [0.9600]])
tensor([[-0.6400],
        [ 0.2000]])
tensor([[-0.6000],
        [ 0.3200]])
tensor([[-0.6400],
        [ 0.0400]])
tensor([[ 0.3800],
        [-0.6400]])
tensor([[-0.0200],
        [-0.7600]])
tensor([[-0.2000],
        [ 0.7000]])
tensor([[-0.5600],
        [ 0.9800]])
tensor([[-0.6800],
        [-0.1200]])
tensor([[-0.2400],
        [ 0.9200]])
tensor([[-0.2200],
        [-0.6000]])
tensor([[-0.2600],
        [-0.3200]])
tensor([[ 8.9407e-10],
        [-1.8000e-01]])
tensor([[-0.3600],
        [ 0.5400]])
tensor([[-0.1600],
        [-0.6600]])
tensor([[-0.5000],
        [ 0.4600]])
tensor([[-0.4800],
        [ 0.4200]])
tensor([[ 0.6200],
        [-0.8200]])
tensor([[-0.7200],
        [-0.0200]])
tensor([[-0.8800],
        [-0.8200]])
tensor([[-0.3400],
        [ 0.6400]])
tensor([[-0.9000],
        [-0.0800]])
tensor([[0.4400],
        [0.5000]])
tensor([[ 0.5600],
        [-0.8000]])
tensor([[-0.6200],
        [-0.9200]])
tensor([[-0.4800],
        [ 0.1400]])
tensor([[ 0.4000],
        [-0.9000]])
tensor([[0.6800],
        [0.8400]])
tensor([[-0.6800],
        [-0.5400]])
tensor([[-0.5200],
        [-0.9200]])
tensor([[ 0.0800],
        [-0.1200]])
tensor([[-0.5600],
        [ 0.3000]])
tensor([[ 0.3600],
        [-0.4800]])
tensor([[0.7800],
        [0.3000]])
tensor([[0.2000],
        [0.9600]])
tensor([[ 0.9000],
        [-0.8000]])
tensor([[0.5200],
        [0.6400]])
tensor([[ 0.0400],
        [-0.7800]])
tensor([[ 0.4000],
        [-0.9200]])
tensor([[0.2200],
        [0.5200]])
tensor([[-0.7400],
        [-0.5200]])
tensor([[-0.0400],
        [-0.1800]])
tensor([[-0.6200],
        [-0.1800]])
tensor([[0.9200],
        [0.4000]])
tensor([[0.3600],
        [0.2800]])
tensor([[-0.3600],
        [ 0.8800]])
tensor([[ 0.5000],
        [-0.9400]])
tensor([[ 0.4600],
        [-0.7600]])
tensor([[ 0.0400],
        [-0.2800]])
tensor([[-0.7600],
        [ 0.8600]])
tensor([[-0.2000],
        [-0.5600]])
tensor([[ 0.6800],
        [-0.6600]])
tensor([[0.5200],
        [0.2600]])
tensor([[ 0.1400],
        [-0.0200]])
tensor([[-0.9200],
        [ 0.5800]])
tensor([[-0.2800],
        [ 0.1800]])
tensor([[-0.1400],
        [ 0.1400]])
tensor([[-0.6600],
        [-0.1000]])
tensor([[-0.5400],
        [ 0.0800]])
tensor([[ 0.9000],
        [-0.3200]])
tensor([[-6.8000e-01],
        [ 8.9407e-10]])
tensor([[ 0.7200],
        [-0.7800]])
tensor([[-0.6600],
        [ 0.7400]])
tensor([[0.9800],
        [0.8400]])
tensor([[-0.9800],
        [-0.5600]])
tensor([[0.7400],
        [0.2600]])
tensor([[-0.7600],
        [ 0.7600]])
tensor([[-0.0600],
        [ 0.5000]])
tensor([[ 0.9400],
        [-0.4000]])
tensor([[-0.6200],
        [ 0.7800]])
tensor([[0.8000],
        [0.1400]])
tensor([[-0.8200],
        [ 0.3800]])
tensor([[-0.5800],
        [-0.2600]])
tensor([[ 0.3200],
        [-0.1600]])
tensor([[-0.6400],
        [-0.6200]])
tensor([[-0.4600],
        [-0.3200]])
tensor([[-0.9600],
        [-1.0000]])
tensor([[ 0.8000],
        [-0.6800]])
tensor([[-0.5200],
        [-0.6200]])
tensor([[-0.1800],
        [-0.9800]])
tensor([[0.5600],
        [0.2200]])
tensor([[-0.9400],
        [-0.3600]])
tensor([[ 0.4600],
        [-0.4400]])
tensor([[ 0.3000],
        [-0.0400]])
tensor([[ 0.2000],
        [-1.0000]])
tensor([[0.2400],
        [0.4000]])
tensor([[-0.3600],
        [ 0.6200]])
tensor([[-0.7400],
        [ 0.4400]])
tensor([[-0.2000],
        [ 0.9000]])
tensor([[ 0.8400],
        [-0.4800]])
tensor([[-0.5200],
        [-0.4000]])
tensor([[0.9800],
        [0.8200]])
tensor([[8.9407e-10],
        [9.0000e-01]])
tensor([[-0.2800],
        [ 0.1800]])
tensor([[-0.4000],
        [-0.6000]])
tensor([[ 0.4800],
        [-0.2600]])
tensor([[ 0.7000],
        [-0.9800]])
tensor([[0.6200],
        [0.1000]])
tensor([[-0.3400],
        [-0.6200]])
tensor([[-0.5600],
        [ 0.7800]])
tensor([[-0.9800],
        [-0.6400]])
tensor([[ 0.0200],
        [-0.1000]])
tensor([[-0.8400],
        [-0.0400]])
tensor([[-0.8600],
        [-0.1200]])
tensor([[0.0800],
        [0.5400]])
tensor([[0.8000],
        [0.5600]])
tensor([[-0.6400],
        [-0.5200]])
tensor([[-0.4000],
        [-0.6600]])
tensor([[-0.7400],
        [-0.7600]])
tensor([[ 0.5200],
        [-0.8000]])
tensor([[ 0.3400],
        [-0.3800]])
tensor([[-0.6600],
        [ 0.9000]])
tensor([[0.5800],
        [0.0400]])
tensor([[ 0.1200],
        [-0.4400]])
tensor([[0.6000],
        [0.5200]])
tensor([[ 0.7400],
        [-0.3600]])
tensor([[-0.1000],
        [-0.6200]])
tensor([[ 0.9800],
        [-0.7600]])
tensor([[-0.4800],
        [ 0.3400]])
tensor([[-0.2800],
        [ 0.5600]])
tensor([[-0.4000],
        [-0.7400]])
tensor([[-0.2800],
        [ 0.7200]])
tensor([[ 0.5800],
        [-0.8800]])
tensor([[-0.7200],
        [ 0.8400]])
tensor([[-0.5600],
        [ 0.9000]])
tensor([[0.6400],
        [0.6200]])
tensor([[-1.0000],
        [ 0.7600]])
tensor([[-0.0600],
        [-0.3800]])
tensor([[ 0.7600],
        [-0.3600]])
tensor([[-0.8400],
        [-0.0200]])
tensor([[ 0.8800],
        [-0.0800]])
tensor([[-0.7800],
        [ 0.9400]])
tensor([[ 0.5200],
        [-0.3600]])
tensor([[0.8000],
        [0.1600]])
tensor([[-0.4400],
        [-0.4400]])
tensor([[ 0.5000],
        [-0.4000]])
tensor([[0.1600],
        [0.6200]])
tensor([[0.7800],
        [0.0200]])
tensor([[-0.8200],
        [-0.4000]])
tensor([[-0.4600],
        [ 0.7600]])
tensor([[0.6400],
        [0.9200]])
tensor([[0.7800],
        [0.4200]])
tensor([[ 0.1600],
        [-0.3000]])
tensor([[-0.9600],
        [-1.0000]])
tensor([[-0.0800],
        [-0.8200]])
tensor([[-0.3800],
        [ 0.7400]])
tensor([[-0.8800],
        [-0.4000]])
tensor([[ 0.3600],
        [-0.7800]])
tensor([[0.2600],
        [0.7400]])
tensor([[-0.8800],
        [ 0.2000]])
tensor([[0.3800],
        [0.5000]])
tensor([[0.2600],
        [0.9600]])
tensor([[ 0.9200],
        [-0.7200]])
tensor([[-0.9600],
        [ 0.8200]])
tensor([[ 0.7600],
        [-0.8200]])
tensor([[-0.7400],
        [ 0.7800]])
tensor([[-0.5000],
        [ 0.2800]])
tensor([[ 0.5400],
        [-0.8200]])
tensor([[-0.5200],
        [-0.7800]])
tensor([[-0.1000],
        [-0.2400]])
tensor([[ 0.2800],
        [-0.1200]])
tensor([[-0.3200],
        [ 0.6600]])
tensor([[ 0.9800],
        [-0.1800]])
tensor([[ 0.9200],
        [-0.9800]])
tensor([[-0.1000],
        [ 0.3200]])
tensor([[0.1200],
        [0.1600]])
tensor([[-0.5200],
        [-0.4200]])
tensor([[-0.5800],
        [ 0.4000]])
tensor([[ 0.6600],
        [-0.4600]])
tensor([[ 0.6000],
        [-0.0400]])
tensor([[-0.1000],
        [ 0.6000]])
tensor([[-0.4600],
        [-0.4800]])
tensor([[ 0.2200],
        [-0.6200]])
tensor([[-0.1600],
        [ 0.8000]])
tensor([[-0.6800],
        [-0.9400]])
tensor([[-0.5400],
        [ 0.2600]])
tensor([[-0.5400],
        [ 0.0800]])
tensor([[-0.6600],
        [ 0.3000]])
tensor([[-0.8400],
        [-0.4000]])
tensor([[-0.1600],
        [-0.5800]])
tensor([[-0.1600],
        [-0.7200]])
tensor([[-0.5600],
        [-0.1200]])
tensor([[-0.7400],
        [ 0.9600]])
tensor([[ 0.2600],
        [-0.8400]])
tensor([[ 0.5800],
        [-0.5600]])
tensor([[-0.8000],
        [-0.5800]])
tensor([[ 0.3000],
        [-0.1800]])
tensor([[0.3800],
        [0.9200]])
tensor([[-0.6400],
        [-0.6200]])
tensor([[ 0.7800],
        [-0.7000]])
tensor([[0.0800],
        [0.5800]])
tensor([[-0.6200],
        [-0.1400]])
tensor([[0.7200],
        [0.6200]])
tensor([[-0.0600],
        [ 0.5000]])
tensor([[0.0800],
        [0.5200]])
tensor([[ 0.8200],
        [-0.9200]])
tensor([[0.3200],
        [0.3400]])
tensor([[-0.5000],
        [ 0.8800]])
tensor([[0.7800],
        [0.7400]])
tensor([[ 0.9800],
        [-0.1600]])
tensor([[ 0.4600],
        [-0.8600]])
tensor([[ 0.4400],
        [-0.1000]])
tensor([[ 0.4800],
        [-0.1800]])
tensor([[0.6400],
        [0.6400]])
tensor([[0.1000],
        [0.2800]])
tensor([[-0.8200],
        [ 0.2000]])
tensor([[ 0.8800],
        [-0.1000]])
tensor([[0.1600],
        [0.7800]])
tensor([[ 0.4600],
        [-0.1600]])
tensor([[-0.4000],
        [ 0.4400]])
tensor([[-0.4200],
        [-0.9400]])
tensor([[-0.5200],
        [ 0.3200]])
tensor([[ 0.6200],
        [-0.4400]])
tensor([[ 0.0400],
        [-0.5400]])
tensor([[-0.1800],
        [-0.3400]])
tensor([[ 0.6800],
        [-0.7000]])
tensor([[ 0.9600],
        [-0.2600]])
tensor([[-0.2200],
        [-0.2000]])
tensor([[8.9407e-10],
        [7.0000e-01]])
tensor([[-0.1800],
        [-0.7000]])
tensor([[0.2800],
        [0.2600]])
tensor([[-0.9600],
        [-0.9200]])
tensor([[ 0.4000],
        [-0.0800]])
tensor([[-0.8800],
        [-0.9600]])
tensor([[0.5200],
        [0.5400]])
tensor([[0.4800],
        [0.4200]])
tensor([[ 0.4800],
        [-0.6200]])
tensor([[-0.9400],
        [ 0.1400]])
tensor([[ 0.4600],
        [-0.0400]])
tensor([[-0.7200],
        [-0.7200]])
tensor([[-0.7000],
        [ 0.6600]])
tensor([[-0.1400],
        [ 0.8600]])
tensor([[0.4400],
        [0.5200]])
tensor([[0.0200],
        [0.8800]])
tensor([[-0.6200],
        [ 0.7000]])
tensor([[-0.4600],
        [ 0.3200]])
tensor([[0.9200],
        [0.8600]])
tensor([[-0.9400],
        [ 0.9800]])
tensor([[-0.0800],
        [ 0.1800]])
tensor([[ 0.4800],
        [-0.1200]])
tensor([[-0.9800],
        [-0.1000]])
tensor([[ 0.4800],
        [-0.4400]])
tensor([[0.3600],
        [0.6800]])
tensor([[0.3600],
        [0.6000]])
tensor([[-0.5400],
        [-0.4800]])
tensor([[0.8800],
        [0.1400]])
tensor([[0.4200],
        [0.2400]])
tensor([[0.6600],
        [0.1600]])
tensor([[ 0.8400],
        [-0.7000]])
tensor([[ 0.5600],
        [-0.6400]])
tensor([[0.2000],
        [0.5800]])
tensor([[-0.0600],
        [ 0.5000]])
tensor([[ 0.7000],
        [-0.8200]])
tensor([[-0.8800],
        [-0.1200]])
tensor([[ 0.5200],
        [-0.3800]])
tensor([[-0.5400],
        [ 0.8600]])
tensor([[-0.0400],
        [-0.6000]])
tensor([[-0.5800],
        [ 0.1000]])
tensor([[-0.6000],
        [ 0.9400]])
tensor([[-0.3800],
        [ 0.7600]])
tensor([[0.4400],
        [0.7000]])
tensor([[ 0.5800],
        [-0.4000]])
tensor([[ 0.9800],
        [-0.8200]])
tensor([[-0.4400],
        [-1.0000]])
tensor([[-0.3200],
        [ 0.0400]])
tensor([[-0.4800],
        [ 0.4400]])
tensor([[-0.2800],
        [ 0.0200]])
tensor([[ 0.1800],
        [-0.4200]])
tensor([[-6.2000e-01],
        [ 8.9407e-10]])
tensor([[-0.1800],
        [ 0.9000]])
tensor([[-0.6400],
        [ 0.2400]])
tensor([[ 0.0800],
        [-0.5600]])
tensor([[-0.8200],
        [-0.2000]])
tensor([[0.2200],
        [0.2600]])
tensor([[0.1800],
        [0.2600]])
tensor([[-0.7200],
        [-0.0200]])
tensor([[-0.9400],
        [ 0.6000]])
tensor([[0.3000],
        [0.2800]])
tensor([[-0.6200],
        [ 0.8600]])
tensor([[-0.7600],
        [ 0.5400]])
tensor([[-0.2000],
        [-0.7800]])
tensor([[-0.7400],
        [-0.7200]])
tensor([[ 0.7400],
        [-0.8000]])
tensor([[0.8400],
        [0.7600]])
tensor([[0.5400],
        [0.8000]])
tensor([[-0.9600],
        [-0.3800]])
tensor([[-1.0000],
        [-0.5800]])
tensor([[ 0.3200],
        [-0.6600]])
tensor([[ 0.2800],
        [-0.6400]])
tensor([[0.8400],
        [0.9800]])
tensor([[-0.5200],
        [-0.9800]])
